{"client_ip":"::1","latency_time":"2.6138402s","level":"info","msg":"","req_method":"POST","req_uri":"/ApplyLogin?username=ctrl-zhj001","status_code":200,"time":"2020-06-12 08:39:37"}
{"client_ip":"::1","latency_time":"64.8033ms","level":"info","msg":"","req_method":"POST","req_uri":"/Login?username=ctrl-zhj001\u0026passwd=84526687","status_code":200,"time":"2020-06-12 08:39:57"}
{"client_ip":"::1","latency_time":"1.9953ms","level":"info","msg":"","req_method":"GET","req_uri":"/AllUsers","status_code":200,"time":"2020-06-12 08:40:09"}
{"client_ip":"::1","latency_time":"2.9912ms","level":"info","msg":"","req_method":"GET","req_uri":"/User/1","status_code":200,"time":"2020-06-12 08:40:18"}
{"client_ip":"::1","latency_time":"14.9823ms","level":"info","msg":"","req_method":"PUT","req_uri":"/User/1","status_code":200,"time":"2020-06-12 08:42:04"}
{"client_ip":"::1","latency_time":"2.9644ms","level":"info","msg":"","req_method":"GET","req_uri":"/User/1","status_code":200,"time":"2020-06-12 08:42:09"}
{"client_ip":"::1","latency_time":"2.9917ms","level":"info","msg":"","req_method":"POST","req_uri":"/User","status_code":400,"time":"2020-06-12 08:44:26"}
{"client_ip":"::1","latency_time":"2.5068019s","level":"info","msg":"","req_method":"POST","req_uri":"/ApplyLogin?username=ctrl-zhj001","status_code":200,"time":"2020-06-12 08:52:29"}
{"client_ip":"::1","latency_time":"91.0793ms","level":"info","msg":"","req_method":"POST","req_uri":"/Login?username=ctrl-zhj001\u0026passwd=92829041","status_code":200,"time":"2020-06-12 08:52:48"}
{"client_ip":"::1","latency_time":"3.9891ms","level":"info","msg":"","req_method":"GET","req_uri":"/AllUsers","status_code":200,"time":"2020-06-12 08:53:09"}
{"client_ip":"::1","latency_time":"1.9952ms","level":"info","msg":"","req_method":"POST","req_uri":"/User","status_code":400,"time":"2020-06-12 08:53:29"}
{"client_ip":"::1","latency_time":"1.9942ms","level":"info","msg":"","req_method":"GET","req_uri":"/AllUsers","status_code":200,"time":"2020-06-12 08:53:42"}
{"client_ip":"::1","latency_time":"1.9941ms","level":"info","msg":"","req_method":"POST","req_uri":"/User","status_code":401,"time":"2020-06-12 08:59:30"}
{"client_ip":"::1","latency_time":"2.39916s","level":"info","msg":"","req_method":"POST","req_uri":"/ApplyLogin?username=ctrl-zhj001","status_code":200,"time":"2020-06-12 09:04:24"}
{"client_ip":"::1","latency_time":"63.178ms","level":"info","msg":"","req_method":"POST","req_uri":"/Login?username=ctrl-zhj001\u0026passwd=93479732","status_code":200,"time":"2020-06-12 09:04:46"}
{"client_ip":"::1","latency_time":"1.9935ms","level":"info","msg":"","req_method":"GET","req_uri":"/AllUsers","status_code":200,"time":"2020-06-12 09:05:02"}
{"client_ip":"::1","latency_time":"4.9872ms","level":"info","msg":"","req_method":"POST","req_uri":"/User","status_code":400,"time":"2020-06-12 09:05:17"}
{"client_ip":"::1","latency_time":"2.5207537s","level":"info","msg":"","req_method":"POST","req_uri":"/ApplyLogin?username=ctrl-zhj001","status_code":200,"time":"2020-06-12 09:07:04"}
{"client_ip":"::1","latency_time":"66.3637ms","level":"info","msg":"","req_method":"POST","req_uri":"/Login?username=ctrl-zhj001\u0026passwd=88858743","status_code":200,"time":"2020-06-12 09:07:21"}
{"client_ip":"::1","latency_time":"997.6µs","level":"info","msg":"","req_method":"GET","req_uri":"/AllUsers","status_code":200,"time":"2020-06-12 09:07:30"}
{"client_ip":"::1","latency_time":"24.9331ms","level":"info","msg":"","req_method":"POST","req_uri":"/User","status_code":500,"time":"2020-06-12 09:07:40"}
{"client_ip":"::1","latency_time":"3.6056665s","level":"info","msg":"","req_method":"POST","req_uri":"/ApplyLogin?username=ctrl-zhj001","status_code":200,"time":"2020-06-12 09:11:18"}
{"client_ip":"::1","latency_time":"64.1443ms","level":"info","msg":"","req_method":"POST","req_uri":"/Login?username=ctrl-zhj001\u0026passwd=32328169","status_code":200,"time":"2020-06-12 09:11:35"}
{"client_ip":"::1","latency_time":"1.9938ms","level":"info","msg":"","req_method":"POST","req_uri":"/Login?username=ctrl-zhj001\u0026passwd=32328169","status_code":403,"time":"2020-06-12 09:11:45"}
{"client_ip":"::1","latency_time":"2.9916ms","level":"info","msg":"","req_method":"GET","req_uri":"/AllUsers","status_code":200,"time":"2020-06-12 09:11:52"}
{"client_ip":"::1","latency_time":"54.8767ms","level":"info","msg":"","req_method":"DELETE","req_uri":"/User/2","status_code":200,"time":"2020-06-12 09:12:02"}
{"client_ip":"::1","latency_time":"0s","level":"info","msg":"","req_method":"GET","req_uri":"/User/1","status_code":401,"time":"2020-06-12 09:14:58"}
{"client_ip":"::1","latency_time":"2.5298671s","level":"info","msg":"","req_method":"POST","req_uri":"/ApplyLogin?username=ctrl-zhj001","status_code":200,"time":"2020-06-12 09:15:36"}
{"client_ip":"::1","latency_time":"62.1356ms","level":"info","msg":"","req_method":"POST","req_uri":"/Login?username=ctrl-zhj001\u0026passwd=25623993","status_code":200,"time":"2020-06-12 09:15:57"}
{"client_ip":"::1","latency_time":"3.99ms","level":"info","msg":"","req_method":"GET","req_uri":"/AllUsers","status_code":200,"time":"2020-06-12 09:16:07"}
{"client_ip":"::1","latency_time":"997.2µs","level":"info","msg":"","req_method":"GET","req_uri":"/User/1","status_code":401,"time":"2020-06-12 09:16:11"}
{"client_ip":"::1","latency_time":"4.0149ms","level":"info","msg":"","req_method":"GET","req_uri":"/User/1","status_code":200,"time":"2020-06-12 09:16:15"}
{"client_ip":"::1","latency_time":"59.8401ms","level":"info","msg":"","req_method":"POST","req_uri":"/User","status_code":200,"time":"2020-06-12 09:16:34"}
{"client_ip":"::1","latency_time":"1.9948ms","level":"info","msg":"","req_method":"GET","req_uri":"/AllUsers","status_code":200,"time":"2020-06-12 09:16:40"}
{"client_ip":"::1","latency_time":"0s","level":"info","msg":"","req_method":"DELETE","req_uri":"/User/3","status_code":401,"time":"2020-06-12 09:17:10"}
{"client_ip":"::1","latency_time":"22.9401ms","level":"info","msg":"","req_method":"DELETE","req_uri":"/User/3","status_code":200,"time":"2020-06-12 09:17:17"}
{"client_ip":"::1","latency_time":"2.6363357s","level":"info","msg":"","req_method":"POST","req_uri":"/ApplyLogin?username=ctrl-zhj001","status_code":200,"time":"2020-06-12 09:24:38"}
{"client_ip":"::1","latency_time":"62.8316ms","level":"info","msg":"","req_method":"POST","req_uri":"/Login?username=ctrl-zhj001\u0026passwd=30321139","status_code":200,"time":"2020-06-12 09:24:53"}
{"client_ip":"::1","latency_time":"3.9891ms","level":"info","msg":"","req_method":"GET","req_uri":"/AllUsers","status_code":200,"time":"2020-06-12 09:25:17"}
{"client_ip":"::1","latency_time":"25.9564ms","level":"info","msg":"","req_method":"POST","req_uri":"/User","status_code":200,"time":"2020-06-12 09:25:27"}
{"client_ip":"::1","latency_time":"3.9895ms","level":"info","msg":"","req_method":"GET","req_uri":"/AllUsers","status_code":200,"time":"2020-06-12 09:25:43"}
{"client_ip":"::1","latency_time":"997.8µs","level":"info","msg":"","req_method":"GET","req_uri":"/User/4","status_code":401,"time":"2020-06-12 09:25:48"}
{"client_ip":"::1","latency_time":"5.9839ms","level":"info","msg":"","req_method":"GET","req_uri":"/User/4","status_code":200,"time":"2020-06-12 09:25:52"}
{"client_ip":"::1","latency_time":"54.2548ms","level":"info","msg":"","req_method":"DELETE","req_uri":"/User/4","status_code":200,"time":"2020-06-12 09:26:03"}
{"client_ip":"::1","latency_time":"1.9677ms","level":"info","msg":"","req_method":"GET","req_uri":"/AllUsers","status_code":200,"time":"2020-06-12 09:26:06"}
{"client_ip":"::1","latency_time":"23.9357ms","level":"info","msg":"","req_method":"POST","req_uri":"/User","status_code":200,"time":"2020-06-12 09:26:19"}
{"client_ip":"::1","latency_time":"1.0093ms","level":"info","msg":"","req_method":"GET","req_uri":"/AllUsers","status_code":200,"time":"2020-06-12 09:28:22"}
{"client_ip":"::1","latency_time":"2.9694ms","level":"info","msg":"","req_method":"POST","req_uri":"/ApplyLogin?username=ctrl-zhj002","status_code":404,"time":"2020-06-12 09:29:13"}
{"client_ip":"::1","latency_time":"3.2157931s","level":"info","msg":"","req_method":"POST","req_uri":"/ApplyLogin?username=jf-zhj002","status_code":200,"time":"2020-06-12 09:29:47"}
{"client_ip":"::1","latency_time":"10.9703ms","level":"info","msg":"","req_method":"POST","req_uri":"/Login?username=ctrl-zhj001\u0026passwd=53772445","status_code":403,"time":"2020-06-12 09:30:11"}
{"client_ip":"::1","latency_time":"1.9938ms","level":"info","msg":"","req_method":"POST","req_uri":"/Login?username=ctrl-zhj001\u0026passwd=53772445","status_code":403,"time":"2020-06-12 09:30:32"}
{"client_ip":"::1","latency_time":"58.6529ms","level":"info","msg":"","req_method":"POST","req_uri":"/Login?username=jf-zhj002\u0026passwd=53772445","status_code":200,"time":"2020-06-12 09:31:03"}
{"client_ip":"::1","latency_time":"1.9949ms","level":"info","msg":"","req_method":"GET","req_uri":"/AllUsers","status_code":200,"time":"2020-06-12 09:31:12"}
{"client_ip":"::1","latency_time":"55.7724ms","level":"info","msg":"","req_method":"POST","req_uri":"/User","status_code":200,"time":"2020-06-12 09:32:06"}
{"client_ip":"::1","latency_time":"996.8µs","level":"info","msg":"","req_method":"GET","req_uri":"/AllUsers","status_code":200,"time":"2020-06-12 09:32:10"}
{"client_ip":"::1","latency_time":"0s","level":"info","msg":"","req_method":"GET","req_uri":"/User/6","status_code":401,"time":"2020-06-12 09:32:32"}
{"client_ip":"::1","latency_time":"1.9694ms","level":"info","msg":"","req_method":"GET","req_uri":"/User/6","status_code":200,"time":"2020-06-12 09:32:36"}
{"client_ip":"::1","latency_time":"16.9875ms","level":"info","msg":"","req_method":"DELETE","req_uri":"/User/5","status_code":200,"time":"2020-06-12 09:33:10"}
{"client_ip":"::1","latency_time":"1.9951ms","level":"info","msg":"","req_method":"GET","req_uri":"/AllUsers","status_code":500,"time":"2020-06-12 09:33:33"}
{"client_ip":"::1","latency_time":"2.6121897s","level":"info","msg":"","req_method":"POST","req_uri":"/ApplyLogin?username=ctrl-zhj001","status_code":200,"time":"2020-06-12 09:40:49"}
{"client_ip":"::1","latency_time":"5.9845ms","level":"info","msg":"","req_method":"POST","req_uri":"/Login?username=jf-zhj002\u0026passwd=33687450","status_code":404,"time":"2020-06-12 09:41:28"}
{"client_ip":"::1","latency_time":"57.8512ms","level":"info","msg":"","req_method":"POST","req_uri":"/Login?username=ctrl-zhj001\u0026passwd=33687450","status_code":200,"time":"2020-06-12 09:41:40"}
{"client_ip":"::1","latency_time":"0s","level":"info","msg":"","req_method":"GET","req_uri":"/AllUsers","status_code":401,"time":"2020-06-12 09:41:52"}
{"client_ip":"::1","latency_time":"1.9948ms","level":"info","msg":"","req_method":"GET","req_uri":"/AllUsers","status_code":200,"time":"2020-06-12 09:41:56"}
{"client_ip":"::1","latency_time":"1.9941ms","level":"info","msg":"","req_method":"POST","req_uri":"/User","status_code":400,"time":"2020-06-12 09:42:31"}
{"client_ip":"::1","latency_time":"1.9727ms","level":"info","msg":"","req_method":"POST","req_uri":"/User","status_code":400,"time":"2020-06-12 09:43:30"}
{"client_ip":"::1","latency_time":"65.8229ms","level":"info","msg":"","req_method":"DELETE","req_uri":"/User/6","status_code":200,"time":"2020-06-12 09:44:06"}
{"client_ip":"::1","latency_time":"1.9677ms","level":"info","msg":"","req_method":"GET","req_uri":"/AllUsers","status_code":200,"time":"2020-06-12 09:44:09"}
{"client_ip":"::1","latency_time":"18.9503ms","level":"info","msg":"","req_method":"POST","req_uri":"/User","status_code":200,"time":"2020-06-12 09:44:11"}
{"client_ip":"::1","latency_time":"1.9641ms","level":"info","msg":"","req_method":"GET","req_uri":"/AllUsers","status_code":200,"time":"2020-06-12 09:44:18"}
{"client_ip":"::1","latency_time":"0s","level":"info","msg":"","req_method":"GET","req_uri":"/User/6","status_code":401,"time":"2020-06-12 09:44:24"}
{"client_ip":"::1","latency_time":"983.5µs","level":"info","msg":"","req_method":"GET","req_uri":"/User/6","status_code":404,"time":"2020-06-12 09:44:29"}
{"client_ip":"::1","latency_time":"3.0013154s","level":"info","msg":"","req_method":"POST","req_uri":"/ApplyLogin?username=jf-zhj002","status_code":200,"time":"2020-06-12 09:44:49"}
{"client_ip":"::1","latency_time":"59.8388ms","level":"info","msg":"","req_method":"POST","req_uri":"/Login?username=jf-zhj002\u0026passwd=01535880","status_code":200,"time":"2020-06-12 09:45:18"}
{"client_ip":"::1","latency_time":"991.7µs","level":"info","msg":"","req_method":"GET","req_uri":"/AllUsers","status_code":200,"time":"2020-06-12 09:45:29"}
{"client_ip":"::1","latency_time":"14.0153ms","level":"info","msg":"","req_method":"DELETE","req_uri":"/User/7","status_code":200,"time":"2020-06-12 09:45:43"}
{"client_ip":"::1","latency_time":"3.9896ms","level":"info","msg":"","req_method":"GET","req_uri":"/AllUsers","status_code":500,"time":"2020-06-12 09:46:05"}
{"client_ip":"::1","latency_time":"2.3592722s","level":"info","msg":"","req_method":"POST","req_uri":"/ApplyLogin?username=ctrl-zhj001","status_code":200,"time":"2020-06-12 09:50:24"}
{"client_ip":"::1","latency_time":"2.8305891s","level":"info","msg":"","req_method":"POST","req_uri":"/ApplyLogin?username=ctrl-zhj001","status_code":200,"time":"2020-06-12 10:03:19"}
{"client_ip":"::1","latency_time":"60.815ms","level":"info","msg":"","req_method":"POST","req_uri":"/Login?username=ctrl-zhj001\u0026passwd=84758509","status_code":200,"time":"2020-06-12 10:03:47"}
{"client_ip":"::1","latency_time":"1.994ms","level":"info","msg":"","req_method":"GET","req_uri":"/AllUsers","status_code":200,"time":"2020-06-12 10:04:01"}
{"client_ip":"::1","latency_time":"1.9938ms","level":"info","msg":"","req_method":"GET","req_uri":"/User/1","status_code":200,"time":"2020-06-12 10:04:34"}
{"client_ip":"::1","latency_time":"28.8952ms","level":"info","msg":"","req_method":"POST","req_uri":"/User","status_code":200,"time":"2020-06-12 10:05:17"}
{"client_ip":"::1","latency_time":"1.9941ms","level":"info","msg":"","req_method":"GET","req_uri":"/AllUsers","status_code":200,"time":"2020-06-12 10:05:24"}
{"client_ip":"::1","latency_time":"0s","level":"info","msg":"","req_method":"PUT","req_uri":"/User/8","status_code":401,"time":"2020-06-12 10:06:08"}
{"client_ip":"::1","latency_time":"16.9519ms","level":"info","msg":"","req_method":"PUT","req_uri":"/User/8","status_code":200,"time":"2020-06-12 10:06:24"}
{"client_ip":"::1","latency_time":"1.9941ms","level":"info","msg":"","req_method":"GET","req_uri":"/AllUsers","status_code":200,"time":"2020-06-12 10:06:29"}
{"client_ip":"::1","latency_time":"3.0056674s","level":"info","msg":"","req_method":"POST","req_uri":"/ApplyLogin?username=jf-zhj002","status_code":200,"time":"2020-06-12 10:07:17"}
{"client_ip":"::1","latency_time":"57.8441ms","level":"info","msg":"","req_method":"POST","req_uri":"/Login?username=jf-zhj002\u0026passwd=83452320","status_code":200,"time":"2020-06-12 10:08:36"}
{"client_ip":"::1","latency_time":"1.9724ms","level":"info","msg":"","req_method":"GET","req_uri":"/AllUsers","status_code":200,"time":"2020-06-12 10:08:48"}
{"client_ip":"::1","latency_time":"2.9905ms","level":"info","msg":"","req_method":"GET","req_uri":"/User/8","status_code":200,"time":"2020-06-12 10:09:00"}
{"client_ip":"::1","latency_time":"0s","level":"info","msg":"","req_method":"DELETE","req_uri":"/User/8","status_code":401,"time":"2020-06-12 10:09:34"}
{"client_ip":"::1","latency_time":"5.9837ms","level":"info","msg":"","req_method":"DELETE","req_uri":"/User/8","status_code":403,"time":"2020-06-12 10:09:39"}
{"client_ip":"::1","latency_time":"3.0746718s","level":"info","msg":"","req_method":"POST","req_uri":"/ApplyLogin?username=ctrl-zhj001","status_code":200,"time":"2020-06-12 14:15:29"}
{"client_ip":"::1","latency_time":"3.3734858s","level":"info","msg":"","req_method":"POST","req_uri":"/ApplyLogin?username=ctrl-zhj001","status_code":200,"time":"2020-06-12 16:49:12"}
{"client_ip":"::1","latency_time":"65.8236ms","level":"info","msg":"","req_method":"POST","req_uri":"/Login?username=ctrl-zhj001\u0026passwd=79037490","status_code":200,"time":"2020-06-12 16:50:03"}
{"client_ip":"::1","latency_time":"1.9942ms","level":"info","msg":"","req_method":"POST","req_uri":"/Login?username=ctrl-zhj001\u0026passwd=79037491","status_code":403,"time":"2020-06-12 16:51:00"}
{"client_ip":"::1","latency_time":"0s","level":"info","msg":"","req_method":"POST","req_uri":"/ApplyLogin?username=ctrl-zhj001x","status_code":404,"time":"2020-06-12 16:51:21"}
{"client_ip":"::1","latency_time":"1.9947ms","level":"info","msg":"","req_method":"GET","req_uri":"/AllUsers","status_code":200,"time":"2020-06-12 16:54:17"}
{"client_ip":"::1","latency_time":"1.9949ms","level":"info","msg":"","req_method":"GET","req_uri":"/User/1","status_code":200,"time":"2020-06-12 16:55:53"}
{"client_ip":"::1","latency_time":"2.9718ms","level":"info","msg":"","req_method":"GET","req_uri":"/User/8","status_code":200,"time":"2020-06-12 16:56:06"}
{"client_ip":"::1","latency_time":"2.9919ms","level":"info","msg":"","req_method":"GET","req_uri":"/User/81","status_code":404,"time":"2020-06-12 16:56:52"}
{"client_ip":"::1","latency_time":"2.9918ms","level":"info","msg":"","req_method":"GET","req_uri":"/User/8","status_code":200,"time":"2020-06-12 16:57:18"}
{"client_ip":"::1","latency_time":"23.9632ms","level":"info","msg":"","req_method":"PUT","req_uri":"/User/8","status_code":200,"time":"2020-06-12 16:58:25"}
{"client_ip":"::1","latency_time":"4.986ms","level":"info","msg":"","req_method":"GET","req_uri":"/AllUsers","status_code":200,"time":"2020-06-12 16:58:43"}
{"client_ip":"::1","latency_time":"1.9945ms","level":"info","msg":"","req_method":"GET","req_uri":"/AllUsers","status_code":200,"time":"2020-06-12 17:00:05"}
{"client_ip":"::1","latency_time":"4.5137027s","level":"info","msg":"","req_method":"POST","req_uri":"/ApplyLogin?username=jf-zhj002","status_code":200,"time":"2020-06-12 17:01:04"}
{"client_ip":"::1","latency_time":"57.8453ms","level":"info","msg":"","req_method":"POST","req_uri":"/Login?username=jf-zhj002\u0026passwd=90443213","status_code":200,"time":"2020-06-12 17:01:33"}
{"client_ip":"::1","latency_time":"997.2µs","level":"info","msg":"","req_method":"GET","req_uri":"/AllUsers","status_code":200,"time":"2020-06-12 17:01:46"}
{"client_ip":"::1","latency_time":"2.587291s","level":"info","msg":"","req_method":"POST","req_uri":"/ApplyLogin?username=ctrl-zhj001","status_code":200,"time":"2020-06-12 17:11:22"}
{"client_ip":"::1","latency_time":"59.841ms","level":"info","msg":"","req_method":"POST","req_uri":"/Login?username=ctrl-zhj001\u0026passwd=64033492","status_code":200,"time":"2020-06-12 17:11:56"}
{"client_ip":"::1","latency_time":"1.9951ms","level":"info","msg":"","req_method":"GET","req_uri":"/User/1","status_code":200,"time":"2020-06-12 17:12:56"}
{"client_ip":"::1","latency_time":"3.9135736s","level":"info","msg":"","req_method":"POST","req_uri":"/ApplyLogin?username=ctrl-zhj001","status_code":200,"time":"2020-06-12 17:21:25"}
{"client_ip":"::1","latency_time":"60.8376ms","level":"info","msg":"","req_method":"POST","req_uri":"/Login?username=ctrl-zhj001\u0026passwd=52083503","status_code":200,"time":"2020-06-12 17:21:51"}
{"client_ip":"::1","latency_time":"2.0187ms","level":"info","msg":"","req_method":"GET","req_uri":"/User","status_code":200,"time":"2020-06-12 17:23:11"}
{"client_ip":"::1","latency_time":"988.5µs","level":"info","msg":"","req_method":"GET","req_uri":"/User","status_code":200,"time":"2020-06-12 17:23:17"}
{"client_ip":"::1","latency_time":"1.9723ms","level":"info","msg":"","req_method":"GET","req_uri":"/AllUsers","status_code":200,"time":"2020-06-12 17:25:36"}
{"client_ip":"::1","latency_time":"1.9944ms","level":"info","msg":"","req_method":"GET","req_uri":"/User/1","status_code":200,"time":"2020-06-12 17:26:47"}
